This is pdfTeX, Version 3.141592653-2.6-1.40.22 (TeX Live 2021) (preloaded format=pdflatex 2021.8.15)  16 AUG 2021 23:00
entering extended mode
 restricted \write18 enabled.
 %&-line parsing enabled.
**TT/tesis.tex
(./TT/tesis.tex
LaTeX2e <2020-10-01> patch level 4
L3 programming layer <2021-02-18>

! LaTeX Error: File `Latex/Classes/thesisUMSNH.cls' not found.

Type X to quit or <RETURN> to proceed,
or enter new name. (Default extension: cls)

Enter file name: 
! Emergency stop.
<read *> 
         
l.23 \usepackage
                [square, sort, numbers]{natbib}  % Personalizar la bibliogra...
End of file on the terminal!

 
Here is how much of TeX's memory you used:
 23 strings out of 478994
 479 string characters out of 5858184
 283044 words of memory out of 5000000
 17605 multiletter control sequences out of 15000+600000
 403430 words of font info for 27 fonts, out of 8000000 for 9000
 1141 hyphenation exceptions out of 8191
 32i,0n,39p,143b,13s stack positions out of 5000i,500n,10000p,200000b,80000s
!  ==> Fatal error occurred, no output PDF file produced!
