\BOOKMARK [0][]{chapter*.2}{\315ndice de figuras}{}% 1
\BOOKMARK [0][]{chapter*.3}{\315ndice de tablas}{}% 2
\BOOKMARK [-1][]{part.1}{I title}{}% 3
\BOOKMARK [0][]{chapter.1}{1 Introducci\363n}{part.1}% 4
\BOOKMARK [1][]{section.1.1}{1.1 Palabras Clave}{chapter.1}% 5
\BOOKMARK [1][]{section.1.2}{1.2 Planteamiento del problema}{chapter.1}% 6
\BOOKMARK [1][]{section.1.3}{1.3 Objetivos}{chapter.1}% 7
\BOOKMARK [1][]{section.1.4}{1.4 Estado del arte}{chapter.1}% 8
\BOOKMARK [0][]{chapter.2}{2 Marco te\363rico}{part.1}% 9
\BOOKMARK [1][]{section.2.1}{2.1 An\341lisis de Im\341genes}{chapter.2}% 10
\BOOKMARK [2][]{subsection.2.1.1}{2.1.1 \040Preprocesamiento}{section.2.1}% 11
\BOOKMARK [2][]{subsection.2.1.2}{2.1.2 Realce de la imagen}{section.2.1}% 12
\BOOKMARK [2][]{subsection.2.1.3}{2.1.3 Segmentaci\363n de la imagen}{section.2.1}% 13
\BOOKMARK [2][]{subsection.2.1.4}{2.1.4 Extracci\363n de caracter\355sticas}{section.2.1}% 14
\BOOKMARK [2][]{subsection.2.1.5}{2.1.5 Clasificaci\363n e interpretaci\363n}{section.2.1}% 15
\BOOKMARK [1][]{section.2.2}{2.2 M\351todos de reconocimiento de expresiones matem\341ticas}{chapter.2}% 16
\BOOKMARK [2][]{subsection.2.2.1}{2.2.1 An\341lisis sint\341ctico dirigido}{section.2.2}% 17
\BOOKMARK [2][]{subsection.2.2.2}{2.2.2 Redes Neuronales}{section.2.2}% 18
\BOOKMARK [3][]{subsubsection.2.2.2.1}{2.2.2.1 Conjunto de entrenamiento}{subsection.2.2.2}% 19
\BOOKMARK [3][]{subsubsection.2.2.2.2}{2.2.2.2 Aprendizaje Profundo}{subsection.2.2.2}% 20
\BOOKMARK [3][]{subsubsection.2.2.2.3}{2.2.2.3 Redes Neuronales Convolucionales}{subsection.2.2.2}% 21
\BOOKMARK [3][]{subsubsection.2.2.2.4}{2.2.2.4 Arquitectura Encoder-Decoder}{subsection.2.2.2}% 22
\BOOKMARK [3][]{subsubsection.2.2.2.5}{2.2.2.5 Image Captioning}{subsection.2.2.2}% 23
\BOOKMARK [2][]{subsection.2.2.3}{2.2.3 An\341lisis estructural}{section.2.2}% 24
\BOOKMARK [1][]{section.2.3}{2.3 Aplicaci\363n web}{chapter.2}% 25
\BOOKMARK [2][]{subsection.2.3.1}{2.3.1 Django}{section.2.3}% 26
\BOOKMARK [3][]{subsubsection.2.3.1.1}{2.3.1.1 Modelo-Vista-Template}{subsection.2.3.1}% 27
\BOOKMARK [2][]{subsection.2.3.2}{2.3.2 API REST}{section.2.3}% 28
\BOOKMARK [3][]{subsubsection.2.3.2.1}{2.3.2.1 Autenticaci\363n}{subsection.2.3.2}% 29
\BOOKMARK [1][]{section.2.4}{2.4 Aplicaci\363n Android}{chapter.2}% 30
\BOOKMARK [2][]{subsection.2.4.1}{2.4.1 Arquitectura Clean}{section.2.4}% 31
\BOOKMARK [2][]{subsection.2.4.2}{2.4.2 SOLID}{section.2.4}% 32
\BOOKMARK [0][]{chapter.3}{3 An\341lisis del sistema}{part.1}% 33
\BOOKMARK [1][]{section.3.1}{3.1 Requerimientos funcionales}{chapter.3}% 34
\BOOKMARK [2][]{subsection.3.1.1}{3.1.1 M\363dulo de usuarios}{section.3.1}% 35
\BOOKMARK [2][]{subsection.3.1.2}{3.1.2 M\363dulo de proyectos}{section.3.1}% 36
\BOOKMARK [2][]{subsection.3.1.3}{3.1.3 M\363dulo de an\341lisis}{section.3.1}% 37
\BOOKMARK [2][]{subsection.3.1.4}{3.1.4 M\363dulo de traducci\363n}{section.3.1}% 38
\BOOKMARK [1][]{section.3.2}{3.2 Requerimientos No Funcionales}{chapter.3}% 39
\BOOKMARK [1][]{section.3.3}{3.3 Requerimientos t\351cnicos}{chapter.3}% 40
\BOOKMARK [2][]{subsection.3.3.1}{3.3.1 Aplicaci\363n m\363vil}{section.3.3}% 41
\BOOKMARK [3][]{subsubsection.3.3.1.1}{3.3.1.1 Requerimientos m\355nimos de software}{subsection.3.3.1}% 42
\BOOKMARK [3][]{subsubsection.3.3.1.2}{3.3.1.2 Requerimientos m\355nimos de hardware}{subsection.3.3.1}% 43
\BOOKMARK [2][]{subsection.3.3.2}{3.3.2 Aplicaci\363n web}{section.3.3}% 44
\BOOKMARK [3][]{subsubsection.3.3.2.1}{3.3.2.1 Requerimientos m\355nimos de software}{subsection.3.3.2}% 45
\BOOKMARK [3][]{subsubsection.3.3.2.2}{3.3.2.2 Requerimientos m\355nimos de hardware}{subsection.3.3.2}% 46
\BOOKMARK [1][]{section.3.4}{3.4 Reglas de Negocio}{chapter.3}% 47
\BOOKMARK [2][]{subsection.3.4.1}{3.4.1 RN-001 Campos obligatorios}{section.3.4}% 48
\BOOKMARK [2][]{subsection.3.4.2}{3.4.2 RN-002 Datos correctos}{section.3.4}% 49
\BOOKMARK [2][]{subsection.3.4.3}{3.4.3 RN-003 Unicidad de identificadores}{section.3.4}% 50
\BOOKMARK [2][]{subsection.3.4.4}{3.4.4 RN-004 Calificaci\363n proyecto}{section.3.4}% 51
\BOOKMARK [2][]{subsection.3.4.5}{3.4.5 RN-005 Fecha de modificaci\363n}{section.3.4}% 52
\BOOKMARK [2][]{subsection.3.4.6}{3.4.6 RN-006 Usuario verificado}{section.3.4}% 53
\BOOKMARK [2][]{subsection.3.4.7}{3.4.7 RN-007 Informaci\363n necesaria para descargar un proyecto}{section.3.4}% 54
\BOOKMARK [1][]{section.3.5}{3.5 An\341lisis de Riesgos}{chapter.3}% 55
\BOOKMARK [1][]{section.3.6}{3.6 Descripci\363n del software}{chapter.3}% 56
\BOOKMARK [2][]{subsection.3.6.1}{3.6.1 Android}{section.3.6}% 57
\BOOKMARK [2][]{subsection.3.6.2}{3.6.2 Base de datos}{section.3.6}% 58
\BOOKMARK [2][]{subsection.3.6.3}{3.6.3 Framework de desarrollo web}{section.3.6}% 59
\BOOKMARK [0][]{appendix*.19}{Bibliograf\355a}{part.1}% 60
